<?xml version="1.0" encoding="UTF-8"?>
<testsuite name="com.example.cis4900.spring.waterwiseapp.controllers.AllControllersTest" tests="5" skipped="0" failures="0" errors="0" timestamp="2024-10-24T18:58:14" hostname="Smaranjeets-MacBook-Pro.local" time="0.413">
  <properties/>
  <testcase name="testAllAlkalinity()" classname="com.example.cis4900.spring.waterwiseapp.controllers.AllControllersTest" time="0.336"/>
  <testcase name="testAllWaterQuality()" classname="com.example.cis4900.spring.waterwiseapp.controllers.AllControllersTest" time="0.011"/>
  <testcase name="testAllPhosph()" classname="com.example.cis4900.spring.waterwiseapp.controllers.AllControllersTest" time="0.032"/>
  <testcase name="testGetPhosphorusAlkalinityCorrelation()" classname="com.example.cis4900.spring.waterwiseapp.controllers.AllControllersTest" time="0.017"/>
  <testcase name="testAllWasteWater()" classname="com.example.cis4900.spring.waterwiseapp.controllers.AllControllersTest" time="0.009"/>
  <system-out><![CDATA[14:58:06.789 [Test worker] INFO org.springframework.test.context.support.AnnotationConfigContextLoaderUtils -- Could not detect default configuration classes for test class [com.example.cis4900.spring.waterwiseapp.controllers.AllControllersTest]: AllControllersTest does not declare any static, non-private, non-final, nested classes annotated with @Configuration.
14:58:07.082 [Test worker] INFO org.springframework.boot.test.context.SpringBootTestContextBootstrapper -- Found @SpringBootConfiguration com.example.cis4900.spring.waterwiseapp.WaterwiseApplication for test class com.example.cis4900.spring.waterwiseapp.controllers.AllControllersTest

  .   ____          _            __ _ _
 /\\ / ___'_ __ _ _(_)_ __  __ _ \ \ \ \
( ( )\___ | '_ | '_| | '_ \/ _` | \ \ \ \
 \\/  ___)| |_)| | | | | || (_| |  ) ) ) )
  '  |____| .__|_| |_|_| |_\__, | / / / /
 =========|_|==============|___/=/_/_/_/
 :: Spring Boot ::                (v3.1.3)

2024-10-24T14:58:07.965-04:00  INFO 7343 --- [    Test worker] c.e.c.s.W.c.AllControllersTest           : Starting AllControllersTest using Java 17.0.12 with PID 7343 (started by smaranjeetsingh in /Users/smaranjeetsingh/Desktop/waterwise/backend)
2024-10-24T14:58:07.967-04:00  INFO 7343 --- [    Test worker] c.e.c.s.W.c.AllControllersTest           : No active profile set, falling back to 1 default profile: "default"
2024-10-24T14:58:09.171-04:00  INFO 7343 --- [    Test worker] .s.d.r.c.RepositoryConfigurationDelegate : Bootstrapping Spring Data JPA repositories in DEFAULT mode.
2024-10-24T14:58:09.264-04:00  INFO 7343 --- [    Test worker] .s.d.r.c.RepositoryConfigurationDelegate : Finished Spring Data repository scanning in 78 ms. Found 2 JPA repository interfaces.
2024-10-24T14:58:10.713-04:00  INFO 7343 --- [    Test worker] o.hibernate.jpa.internal.util.LogHelper  : HHH000204: Processing PersistenceUnitInfo [name: default]
2024-10-24T14:58:10.831-04:00  INFO 7343 --- [    Test worker] org.hibernate.Version                    : HHH000412: Hibernate ORM core version 6.2.7.Final
2024-10-24T14:58:10.836-04:00  INFO 7343 --- [    Test worker] org.hibernate.cfg.Environment            : HHH000406: Using bytecode reflection optimizer
2024-10-24T14:58:11.151-04:00  INFO 7343 --- [    Test worker] o.h.b.i.BytecodeProviderInitiator        : HHH000021: Bytecode provider name : bytebuddy
2024-10-24T14:58:11.168-04:00  INFO 7343 --- [    Test worker] o.s.o.j.p.SpringPersistenceUnitInfo      : No LoadTimeWeaver setup: ignoring JPA class transformer
2024-10-24T14:58:11.667-04:00  INFO 7343 --- [    Test worker] o.h.b.i.BytecodeProviderInitiator        : HHH000021: Bytecode provider name : bytebuddy
2024-10-24T14:58:12.584-04:00  INFO 7343 --- [    Test worker] o.h.e.t.j.p.i.JtaPlatformInitiator       : HHH000490: Using JtaPlatform implementation: [org.hibernate.engine.transaction.jta.platform.internal.NoJtaPlatform]
2024-10-24T14:58:12.589-04:00  INFO 7343 --- [    Test worker] j.LocalContainerEntityManagerFactoryBean : Initialized JPA EntityManagerFactory for persistence unit 'default'
2024-10-24T14:58:13.078-04:00  WARN 7343 --- [    Test worker] JpaBaseConfiguration$JpaWebConfiguration : spring.jpa.open-in-view is enabled by default. Therefore, database queries may be performed during view rendering. Explicitly configure spring.jpa.open-in-view to disable this warning
2024-10-24T14:58:14.163-04:00  INFO 7343 --- [    Test worker] o.s.d.j.r.query.QueryEnhancerFactory     : Hibernate is in classpath; If applicable, HQL parser will be used.
2024-10-24T14:58:14.303-04:00  INFO 7343 --- [    Test worker] o.s.b.t.m.w.SpringBootMockServletContext : Initializing Spring TestDispatcherServlet ''
2024-10-24T14:58:14.303-04:00  INFO 7343 --- [    Test worker] o.s.t.web.servlet.TestDispatcherServlet  : Initializing Servlet ''
2024-10-24T14:58:14.309-04:00  INFO 7343 --- [    Test worker] o.s.t.web.servlet.TestDispatcherServlet  : Completed initialization in 3 ms
2024-10-24T14:58:14.345-04:00  INFO 7343 --- [    Test worker] c.e.c.s.W.c.AllControllersTest           : Started AllControllersTest in 6.858 seconds (process running for 10.123)
]]></system-out>
  <system-err><![CDATA[]]></system-err>
</testsuite>
